<?xml version="1.0" encoding="UTF-8"?>
<!-- Generated by org.testng.reporters.JUnitReportReporter -->
<testsuite hostname="DESKTOP-G009PM7" failures="0" tests="1" name="testcases.Tc_001_LogintoAdactin" time="1.100" errors="0" timestamp="2023-11-29T16:49:40 IST" skipped="0">
  <testcase classname="testcases.Tc_001_LogintoAdactin" name="Adactin_login" time="1.100"/>
</testsuite> <!-- testcases.Tc_001_LogintoAdactin -->
