<?xml version="1.0" encoding="UTF-8"?>
<!-- Generated by org.testng.reporters.JUnitReportReporter -->
<testsuite hostname="DESKTOP-G009PM7" failures="0" tests="2" name="testcases.Tc_001_LogintoAdactin" time="5.122" errors="0" timestamp="2023-12-07T16:14:50 IST" skipped="0">
  <testcase classname="testcases.Tc_001_LogintoAdactin" name="Adactin_login" time="2.143"/>
  <testcase classname="testcases.Tc_001_LogintoAdactin" name="Adactin_login" time="2.979"/>
</testsuite> <!-- testcases.Tc_001_LogintoAdactin -->
