<?xml version="1.0" encoding="UTF-8"?>
<!-- Generated by org.testng.reporters.JUnitReportReporter -->
<testsuite hostname="DESKTOP-G009PM7" failures="0" tests="1" name="testcases.Tc_001_LogintoAdactin" time="3.600" errors="0" timestamp="2023-12-05T15:23:33 IST" skipped="0">
  <testcase classname="testcases.Tc_001_LogintoAdactin" name="Adactin_login" time="3.600"/>
</testsuite> <!-- testcases.Tc_001_LogintoAdactin -->
